[04/Sep/2022:10:30:57] (I): WordPress Instance Info:
[04/Sep/2022:10:30:57] (I): Home URL : http://localhost/webapp
[04/Sep/2022:10:30:57] (I): Site URL : http://localhost/webapp
[04/Sep/2022:10:30:57] (I): WordPress Version : 6.0.2
[04/Sep/2022:10:30:57] (I): Onboarding Version : 1.1.25
[04/Sep/2022:10:30:57] (I): Multisite : No
[04/Sep/2022:10:30:57] (I): Server Info : Apache/2.4.53 (Win64) OpenSSL/1.1.1n PHP/8.1.6
[04/Sep/2022:10:30:57] (I): PHP Version : 8.1.6
[04/Sep/2022:10:30:57] (I): HTTPS : No
[04/Sep/2022:10:30:57] (I): PHP Max Execution Time : 120
[04/Sep/2022:10:30:57] (I): PHP Max Input Vars : 1000
[04/Sep/2022:10:30:57] (I): Max Upload Size : 41943040
[04/Sep/2022:10:30:57] (I): Plugins:
[04/Sep/2022:10:30:57] (I): [PLUGIN] Elementor : v3.7.4 (Elementor.com)
[04/Sep/2022:10:30:57] (I): [PLUGIN] Forminator : v1.17.2 (WPMU DEV)
[04/Sep/2022:10:30:57] (I): [PLUGIN] Otter – Page Builder Blocks &amp; Extensions for Gutenberg : v2.0.13 (ThemeIsle)
[04/Sep/2022:10:30:57] (I): [PLUGIN] Templates Patterns Collection : v1.1.25 (ThemeIsle)
[04/Sep/2022:10:30:57] (P): Saving remote XML
[04/Sep/2022:10:30:57] (S): Saved remote XML at path E:\xampp\htdocs\webapp/wp-content/uploads/themeisle-demo-import.xml.
[04/Sep/2022:10:30:57] (P): Starting content import...
[04/Sep/2022:10:30:57] (S): Import started.
[04/Sep/2022:10:30:57] (S): Parsing XML file.
[04/Sep/2022:10:30:57] (P): Starting parsing file:E:\xampp\htdocs\webapp/wp-content/uploads/themeisle-demo-import.xml
[04/Sep/2022:10:30:57] (P): Using WXR_Parser_SimpleXML...
[04/Sep/2022:10:30:57] (S): Parsed XML
[04/Sep/2022:10:30:57] (P): Processing categories...
[04/Sep/2022:10:30:57] (S): Processed categories.
[04/Sep/2022:10:30:57] (P): Processing tags...
[04/Sep/2022:10:30:57] (S): No tags to process.
[04/Sep/2022:10:30:57] (P): Processing terms...
[04/Sep/2022:10:30:58] (S): Processed terms.
[04/Sep/2022:10:30:58] (P): Processing posts...
[04/Sep/2022:10:30:58] (P): Processing attachment: https://s33834.pcdn.co/music-band-gb/wp-content/uploads/sites/482/2019/07/neve-band-01.jpg...
[04/Sep/2022:10:30:58] (P): Fetching attachment from url: https://s33834.pcdn.co/music-band-gb/wp-content/uploads/sites/482/2019/07/neve-band-01.jpg...
[04/Sep/2022:10:30:59] (S): Fetched remote attachment.
[04/Sep/2022:10:30:59] (P): Inserting attachment...
[04/Sep/2022:10:30:59] (S): Attachment inserted
[04/Sep/2022:10:30:59] (S): Processed attachment.
[04/Sep/2022:10:31:00] (P): Processing attachment: https://s33834.pcdn.co/music-band-gb/wp-content/uploads/sites/482/2019/07/neve-band-02.jpg...
[04/Sep/2022:10:31:00] (P): Fetching attachment from url: https://s33834.pcdn.co/music-band-gb/wp-content/uploads/sites/482/2019/07/neve-band-02.jpg...
[04/Sep/2022:10:31:00] (S): Fetched remote attachment.
[04/Sep/2022:10:31:00] (P): Inserting attachment...
[04/Sep/2022:10:31:00] (S): Attachment inserted
[04/Sep/2022:10:31:01] (S): Processed attachment.
[04/Sep/2022:10:31:01] (P): Processing attachment: https://s33834.pcdn.co/music-band-gb/wp-content/uploads/sites/482/2019/07/neve-band-03.jpg...
[04/Sep/2022:10:31:01] (P): Fetching attachment from url: https://s33834.pcdn.co/music-band-gb/wp-content/uploads/sites/482/2019/07/neve-band-03.jpg...
[04/Sep/2022:10:31:01] (S): Fetched remote attachment.
[04/Sep/2022:10:31:01] (P): Inserting attachment...
[04/Sep/2022:10:31:01] (S): Attachment inserted
[04/Sep/2022:10:31:01] (S): Processed attachment.
[04/Sep/2022:10:31:01] (P): Processing attachment: https://s33834.pcdn.co/music-band-gb/wp-content/uploads/sites/482/2019/07/neve-band-04.jpg...
[04/Sep/2022:10:31:01] (P): Fetching attachment from url: https://s33834.pcdn.co/music-band-gb/wp-content/uploads/sites/482/2019/07/neve-band-04.jpg...
[04/Sep/2022:10:31:02] (S): Fetched remote attachment.
[04/Sep/2022:10:31:02] (P): Inserting attachment...
[04/Sep/2022:10:31:02] (S): Attachment inserted
[04/Sep/2022:10:31:02] (S): Processed attachment.
[04/Sep/2022:10:31:02] (P): Processing attachment: https://s33834.pcdn.co/music-band-gb/wp-content/uploads/sites/482/2019/07/neve-band-05.jpg...
[04/Sep/2022:10:31:02] (P): Fetching attachment from url: https://s33834.pcdn.co/music-band-gb/wp-content/uploads/sites/482/2019/07/neve-band-05.jpg...
[04/Sep/2022:10:31:03] (S): Fetched remote attachment.
[04/Sep/2022:10:31:03] (P): Inserting attachment...
[04/Sep/2022:10:31:03] (S): Attachment inserted
[04/Sep/2022:10:31:03] (S): Processed attachment.
[04/Sep/2022:10:31:03] (P): Processing attachment: https://s33834.pcdn.co/music-band-gb/wp-content/uploads/sites/482/2019/07/neve-band-06.jpg...
[04/Sep/2022:10:31:03] (P): Fetching attachment from url: https://s33834.pcdn.co/music-band-gb/wp-content/uploads/sites/482/2019/07/neve-band-06.jpg...
[04/Sep/2022:10:31:04] (S): Fetched remote attachment.
[04/Sep/2022:10:31:04] (P): Inserting attachment...
[04/Sep/2022:10:31:04] (S): Attachment inserted
[04/Sep/2022:10:31:04] (S): Processed attachment.
[04/Sep/2022:10:31:04] (P): Processing attachment: https://s33834.pcdn.co/music-band-gb/wp-content/uploads/sites/482/2019/07/neve-band-07.jpg...
[04/Sep/2022:10:31:04] (P): Fetching attachment from url: https://s33834.pcdn.co/music-band-gb/wp-content/uploads/sites/482/2019/07/neve-band-07.jpg...
[04/Sep/2022:10:31:05] (S): Fetched remote attachment.
[04/Sep/2022:10:31:05] (P): Inserting attachment...
[04/Sep/2022:10:31:05] (S): Attachment inserted
[04/Sep/2022:10:31:05] (S): Processed attachment.
[04/Sep/2022:10:31:05] (P): Processing attachment: https://s33834.pcdn.co/music-band-gb/wp-content/uploads/sites/482/2019/07/neve-band-08.jpg...
[04/Sep/2022:10:31:05] (P): Fetching attachment from url: https://s33834.pcdn.co/music-band-gb/wp-content/uploads/sites/482/2019/07/neve-band-08.jpg...
[04/Sep/2022:10:31:06] (S): Fetched remote attachment.
[04/Sep/2022:10:31:06] (P): Inserting attachment...
[04/Sep/2022:10:31:06] (S): Attachment inserted
[04/Sep/2022:10:31:06] (S): Processed attachment.
[04/Sep/2022:10:31:07] (P): Processing attachment: https://s33834.pcdn.co/music-band-gb/wp-content/uploads/sites/482/2019/07/neve-band-09.jpg...
[04/Sep/2022:10:31:07] (P): Fetching attachment from url: https://s33834.pcdn.co/music-band-gb/wp-content/uploads/sites/482/2019/07/neve-band-09.jpg...
[04/Sep/2022:10:31:07] (S): Fetched remote attachment.
[04/Sep/2022:10:31:07] (P): Inserting attachment...
[04/Sep/2022:10:31:07] (S): Attachment inserted
[04/Sep/2022:10:31:07] (S): Processed attachment.
[04/Sep/2022:10:31:07] (P): Processing attachment: https://s33834.pcdn.co/music-band-gb/wp-content/uploads/sites/482/2019/07/annie-spratt-0ZPSX_mQ3xI-unsplash-1.jpg...
[04/Sep/2022:10:31:07] (P): Fetching attachment from url: https://s33834.pcdn.co/music-band-gb/wp-content/uploads/sites/482/2019/07/annie-spratt-0ZPSX_mQ3xI-unsplash-1.jpg...
[04/Sep/2022:10:31:08] (S): Fetched remote attachment.
[04/Sep/2022:10:31:08] (P): Inserting attachment...
[04/Sep/2022:10:31:08] (S): Attachment inserted
[04/Sep/2022:10:31:08] (S): Processed attachment.
[04/Sep/2022:10:31:08] (P): Processing attachment: https://s33834.pcdn.co/music-band-gb/wp-content/uploads/sites/482/2019/07/clark-van-der-beken-O8rDfC6F3TU-unsplash.jpg...
[04/Sep/2022:10:31:08] (P): Fetching attachment from url: https://s33834.pcdn.co/music-band-gb/wp-content/uploads/sites/482/2019/07/clark-van-der-beken-O8rDfC6F3TU-unsplash.jpg...
[04/Sep/2022:10:31:09] (S): Fetched remote attachment.
[04/Sep/2022:10:31:09] (P): Inserting attachment...
[04/Sep/2022:10:31:09] (S): Attachment inserted
[04/Sep/2022:10:31:09] (S): Processed attachment.
[04/Sep/2022:10:31:09] (P): Processing attachment: https://s33834.pcdn.co/music-band-gb/wp-content/uploads/sites/482/2019/07/dane-deaner-bIGJUpf6D-4-unsplash.jpg...
[04/Sep/2022:10:31:09] (P): Fetching attachment from url: https://s33834.pcdn.co/music-band-gb/wp-content/uploads/sites/482/2019/07/dane-deaner-bIGJUpf6D-4-unsplash.jpg...
[04/Sep/2022:10:31:10] (S): Fetched remote attachment.
[04/Sep/2022:10:31:10] (P): Inserting attachment...
[04/Sep/2022:10:31:10] (S): Attachment inserted
[04/Sep/2022:10:31:10] (S): Processed attachment.
[04/Sep/2022:10:31:10] (P): Processing attachment: https://s33834.pcdn.co/music-band-gb/wp-content/uploads/sites/482/2019/07/ed-zavala-BASyMFL4OQY-unsplash.jpg...
[04/Sep/2022:10:31:10] (P): Fetching attachment from url: https://s33834.pcdn.co/music-band-gb/wp-content/uploads/sites/482/2019/07/ed-zavala-BASyMFL4OQY-unsplash.jpg...
[04/Sep/2022:10:31:11] (S): Fetched remote attachment.
[04/Sep/2022:10:31:11] (P): Inserting attachment...
[04/Sep/2022:10:31:11] (S): Attachment inserted
[04/Sep/2022:10:31:11] (S): Processed attachment.
[04/Sep/2022:10:31:11] (P): Processing attachment: https://s33834.pcdn.co/music-band-gb/wp-content/uploads/sites/482/2019/07/efe-kurnaz-RnCPiXixooY-unsplash.jpg...
[04/Sep/2022:10:31:11] (P): Fetching attachment from url: https://s33834.pcdn.co/music-band-gb/wp-content/uploads/sites/482/2019/07/efe-kurnaz-RnCPiXixooY-unsplash.jpg...
[04/Sep/2022:10:31:12] (S): Fetched remote attachment.
[04/Sep/2022:10:31:12] (P): Inserting attachment...
[04/Sep/2022:10:31:12] (S): Attachment inserted
[04/Sep/2022:10:31:12] (S): Processed attachment.
[04/Sep/2022:10:31:12] (P): Processing attachment: https://s33834.pcdn.co/music-band-gb/wp-content/uploads/sites/482/2019/07/frankie-cordoba-IDdY5H8NcMI-unsplash.jpg...
[04/Sep/2022:10:31:12] (P): Fetching attachment from url: https://s33834.pcdn.co/music-band-gb/wp-content/uploads/sites/482/2019/07/frankie-cordoba-IDdY5H8NcMI-unsplash.jpg...
[04/Sep/2022:10:31:13] (S): Fetched remote attachment.
[04/Sep/2022:10:31:13] (P): Inserting attachment...
[04/Sep/2022:10:31:13] (S): Attachment inserted
[04/Sep/2022:10:31:13] (S): Processed attachment.
[04/Sep/2022:10:31:13] (P): Processing attachment: https://s33834.pcdn.co/music-band-gb/wp-content/uploads/sites/482/2019/07/matthew-kalapuch-sqJ4tLBiurw-unsplash.jpg...
[04/Sep/2022:10:31:13] (P): Fetching attachment from url: https://s33834.pcdn.co/music-band-gb/wp-content/uploads/sites/482/2019/07/matthew-kalapuch-sqJ4tLBiurw-unsplash.jpg...
[04/Sep/2022:10:31:14] (S): Fetched remote attachment.
[04/Sep/2022:10:31:14] (P): Inserting attachment...
[04/Sep/2022:10:31:14] (S): Attachment inserted
[04/Sep/2022:10:31:14] (S): Processed attachment.
[04/Sep/2022:10:31:14] (P): Processing attachment: https://s33834.pcdn.co/music-band-gb/wp-content/uploads/sites/482/2019/07/neve-band-08-1.jpg...
[04/Sep/2022:10:31:14] (P): Fetching attachment from url: https://s33834.pcdn.co/music-band-gb/wp-content/uploads/sites/482/2019/07/neve-band-08-1.jpg...
[04/Sep/2022:10:31:15] (S): Fetched remote attachment.
[04/Sep/2022:10:31:15] (P): Inserting attachment...
[04/Sep/2022:10:31:15] (S): Attachment inserted
[04/Sep/2022:10:31:15] (S): Processed attachment.
[04/Sep/2022:10:31:16] (P): Processing attachment: https://s33834.pcdn.co/music-band-gb/wp-content/uploads/sites/482/2019/07/neve-band-09-1.jpg...
[04/Sep/2022:10:31:16] (P): Fetching attachment from url: https://s33834.pcdn.co/music-band-gb/wp-content/uploads/sites/482/2019/07/neve-band-09-1.jpg...
[04/Sep/2022:10:31:16] (S): Fetched remote attachment.
[04/Sep/2022:10:31:16] (P): Inserting attachment...
[04/Sep/2022:10:31:16] (S): Attachment inserted
[04/Sep/2022:10:31:16] (S): Processed attachment.
[04/Sep/2022:10:31:16] (P): Processing attachment: https://s33834.pcdn.co/music-band-gb/wp-content/uploads/sites/482/2019/07/thomas-litangen-SP9HcRASMPE-unsplash.jpg...
[04/Sep/2022:10:31:16] (P): Fetching attachment from url: https://s33834.pcdn.co/music-band-gb/wp-content/uploads/sites/482/2019/07/thomas-litangen-SP9HcRASMPE-unsplash.jpg...
[04/Sep/2022:10:31:17] (S): Fetched remote attachment.
[04/Sep/2022:10:31:17] (P): Inserting attachment...
[04/Sep/2022:10:31:17] (S): Attachment inserted
[04/Sep/2022:10:31:17] (S): Processed attachment.
[04/Sep/2022:10:31:17] (P): Processing attachment: https://s33834.pcdn.co/music-band-gb/wp-content/uploads/sites/482/2019/07/map-2.png...
[04/Sep/2022:10:31:17] (P): Fetching attachment from url: https://s33834.pcdn.co/music-band-gb/wp-content/uploads/sites/482/2019/07/map-2.png...
[04/Sep/2022:10:31:18] (S): Fetched remote attachment.
[04/Sep/2022:10:31:18] (P): Inserting attachment...
[04/Sep/2022:10:31:18] (S): Attachment inserted
[04/Sep/2022:10:31:18] (S): Processed attachment.
[04/Sep/2022:10:31:18] (P): Inserting post: White Hill festival .
[04/Sep/2022:10:31:19] (S): Done inserting post: White Hill festival .
[04/Sep/2022:10:31:19] (P): Inserting post: The Newest Member of The Band: Tony SmARK .
[04/Sep/2022:10:31:19] (S): Done inserting post: The Newest Member of The Band: Tony SmARK .
[04/Sep/2022:10:31:20] (P): Inserting post: We are going to Machella Festival .
[04/Sep/2022:10:31:21] (S): Done inserting post: We are going to Machella Festival .
[04/Sep/2022:10:31:21] (P): Inserting page: Home .
[04/Sep/2022:10:31:21] (S): Done inserting page: Home .
[04/Sep/2022:10:31:22] (P): Processing attachment: https://s33834.pcdn.co/music-band-gb/wp-content/uploads/sites/482/2019/08/music-icon.png...
[04/Sep/2022:10:31:22] (P): Fetching attachment from url: https://s33834.pcdn.co/music-band-gb/wp-content/uploads/sites/482/2019/08/music-icon.png...
[04/Sep/2022:10:31:23] (S): Fetched remote attachment.
[04/Sep/2022:10:31:23] (P): Inserting attachment...
[04/Sep/2022:10:31:23] (S): Attachment inserted
[04/Sep/2022:10:31:23] (S): Processed attachment.
[04/Sep/2022:10:31:23] (P): Inserting wp_block: Heading with subheading .
[04/Sep/2022:10:31:23] (S): Done inserting wp_block: Heading with subheading .
[04/Sep/2022:10:31:23] (P): Inserting wp_block: Button .
[04/Sep/2022:10:31:23] (S): Done inserting wp_block: Button .
[04/Sep/2022:10:31:23] (P): Inserting page: Our Story .
[04/Sep/2022:10:31:23] (S): Done inserting page: Our Story .
[04/Sep/2022:10:31:25] (P): Inserting page: Discography .
[04/Sep/2022:10:31:25] (S): Done inserting page: Discography .
[04/Sep/2022:10:31:26] (P): Inserting page: Album .
[04/Sep/2022:10:31:26] (S): Done inserting page: Album .
[04/Sep/2022:10:31:27] (P): Inserting page: Contact .
[04/Sep/2022:10:31:27] (S): Done inserting page: Contact .
[04/Sep/2022:10:31:28] (P): Inserting page: News .
[04/Sep/2022:10:31:28] (S): Done inserting page: News .
[04/Sep/2022:10:31:28] (P): Processing single menu item ' '...
[04/Sep/2022:10:31:29] (S): Processed single menu item.
[04/Sep/2022:10:31:29] (P): Processing single menu item ' '...
[04/Sep/2022:10:31:30] (S): Processed single menu item.
[04/Sep/2022:10:31:30] (P): Processing single menu item ' '...
[04/Sep/2022:10:31:30] (S): Processed single menu item.
[04/Sep/2022:10:31:30] (P): Processing single menu item ' '...
[04/Sep/2022:10:31:31] (S): Processed single menu item.
[04/Sep/2022:10:31:31] (P): Processing single menu item ' '...
[04/Sep/2022:10:31:31] (S): Processed single menu item.
[04/Sep/2022:10:31:31] (P): Processing single menu item ' '...
[04/Sep/2022:10:31:32] (S): Processed single menu item.
[04/Sep/2022:10:31:32] (P): Inserting custom_css: neve .
[04/Sep/2022:10:31:32] (S): Done inserting custom_css: neve .
[04/Sep/2022:10:31:32] (P): Processing attachment: https://s33834.pcdn.co/music-band-gb/wp-content/uploads/sites/482/2020/12/cropped-ms-logo-2.png...
[04/Sep/2022:10:31:32] (P): Fetching attachment from url: https://s33834.pcdn.co/music-band-gb/wp-content/uploads/sites/482/2020/12/cropped-ms-logo-2.png...
[04/Sep/2022:10:31:33] (S): Fetched remote attachment.
[04/Sep/2022:10:31:33] (P): Inserting attachment...
[04/Sep/2022:10:31:33] (S): Attachment inserted
[04/Sep/2022:10:31:33] (S): Processed attachment.
[04/Sep/2022:10:31:33] (P): Inserting wp_block: Hero .
[04/Sep/2022:10:31:33] (S): Done inserting wp_block: Hero .
[04/Sep/2022:10:31:33] (P): Inserting wp_block: Team 1 .
[04/Sep/2022:10:31:33] (S): Done inserting wp_block: Team 1 .
[04/Sep/2022:10:31:33] (P): Inserting wp_block: Team 2 .
[04/Sep/2022:10:31:33] (S): Done inserting wp_block: Team 2 .
[04/Sep/2022:10:31:33] (P): Inserting wp_block: Find us 1 .
[04/Sep/2022:10:31:33] (S): Done inserting wp_block: Find us 1 .
[04/Sep/2022:10:31:33] (P): Inserting wp_block: Text .
[04/Sep/2022:10:31:33] (S): Done inserting wp_block: Text .
[04/Sep/2022:10:31:33] (P): Inserting wp_block: Albums .
[04/Sep/2022:10:31:34] (S): Done inserting wp_block: Albums .
[04/Sep/2022:10:31:34] (P): Inserting wp_block: Gallery .
[04/Sep/2022:10:31:34] (S): Done inserting wp_block: Gallery .
[04/Sep/2022:10:31:34] (P): Inserting wp_block: Music platforms .
[04/Sep/2022:10:31:34] (S): Done inserting wp_block: Music platforms .
[04/Sep/2022:10:31:34] (P): Inserting wp_block: Find us 2 .
[04/Sep/2022:10:31:34] (S): Done inserting wp_block: Find us 2 .
[04/Sep/2022:10:31:34] (P): Inserting wp_block: Sound-cloud .
[04/Sep/2022:10:31:34] (S): Done inserting wp_block: Sound-cloud .
[04/Sep/2022:10:31:34] (S): Processed posts.
[04/Sep/2022:10:31:34] (P): Cleaning up import with id ...
[04/Sep/2022:10:31:34] (P): Done cleanup. Flushing cache...
[04/Sep/2022:10:31:34] (P): Flushed cache. Removing temporary data..
[04/Sep/2022:10:31:35] (S): Done importing
[04/Sep/2022:10:31:35] (P): Busting elementor cache
[04/Sep/2022:10:31:35] (P): Busting woo cache
[04/Sep/2022:10:31:35] (S): Front page set up with id: 51.
